# JRE version: Java(TM) SE Runtime Environment (14.0.1+7) (build 14.0.1+7)
# Java VM: Java HotSpot(TM) 64-Bit Server VM (14.0.1+7, mixed mode, sharing, tiered, compressed oops, g1 gc, windows-amd64)
Heap:
 garbage-first heap   total 205824K, used 45407K [0x00000000c8e00000, 0x0000000100000000)
  region size 1024K, 3 young (3072K), 3 survivors (3072K)
 Metaspace       used 22484K, capacity 22767K, committed 23088K, reserved 1069056K
  class space    used 2767K, capacity 2859K, committed 2944K, reserved 1048576K
GC Heap History (20 events):
Event: 5.587 GC heap after
{Heap after GC invocations=11 (full 0):
 garbage-first heap   total 37888K, used 16632K [0x00000000c8e00000, 0x0000000100000000)
  region size 1024K, 3 young (3072K), 3 survivors (3072K)
 Metaspace       used 22476K, capacity 22767K, committed 23088K, reserved 1069056K
  class space    used 2767K, capacity 2859K, committed 2944K, reserved 1048576K
}
Event: 5.611 GC heap before
{Heap before GC invocations=11 (full 0):
 garbage-first heap   total 37888K, used 26872K [0x00000000c8e00000, 0x0000000100000000)
  region size 1024K, 14 young (14336K), 3 survivors (3072K)
 Metaspace       used 22476K, capacity 22767K, committed 23088K, reserved 1069056K
  class space    used 2767K, capacity 2859K, committed 2944K, reserved 1048576K
}
Event: 5.619 GC heap after
{Heap after GC invocations=12 (full 0):
 garbage-first heap   total 37888K, used 18749K [0x00000000c8e00000, 0x0000000100000000)
  region size 1024K, 2 young (2048K), 2 survivors (2048K)
 Metaspace       used 22476K, capacity 22767K, committed 23088K, reserved 1069056K
  class space    used 2767K, capacity 2859K, committed 2944K, reserved 1048576K
}
Event: 5.637 GC heap before
{Heap before GC invocations=12 (full 0):
 garbage-first heap   total 37888K, used 27965K [0x00000000c8e00000, 0x0000000100000000)
  region size 1024K, 11 young (11264K), 2 survivors (2048K)
 Metaspace       used 22476K, capacity 22767K, committed 23088K, reserved 1069056K
  class space    used 2767K, capacity 2859K, committed 2944K, reserved 1048576K
}
Event: 5.644 GC heap after
{Heap after GC invocations=13 (full 0):
 garbage-first heap   total 46080K, used 20782K [0x00000000c8e00000, 0x0000000100000000)
  region size 1024K, 2 young (2048K), 2 survivors (2048K)
 Metaspace       used 22476K, capacity 22767K, committed 23088K, reserved 1069056K
  class space    used 2767K, capacity 2859K, committed 2944K, reserved 1048576K
}
Event: 5.689 GC heap before
{Heap before GC invocations=14 (full 0):
 garbage-first heap   total 46080K, used 33070K [0x00000000c8e00000, 0x0000000100000000)
  region size 1024K, 14 young (14336K), 2 survivors (2048K)
 Metaspace       used 22476K, capacity 22767K, committed 23088K, reserved 1069056K
  class space    used 2767K, capacity 2859K, committed 2944K, reserved 1048576K
}
Event: 5.698 GC heap after
{Heap after GC invocations=15 (full 0):
 garbage-first heap   total 46080K, used 23173K [0x00000000c8e00000, 0x0000000100000000)
  region size 1024K, 2 young (2048K), 2 survivors (2048K)
 Metaspace       used 22476K, capacity 22767K, committed 23088K, reserved 1069056K
  class space    used 2767K, capacity 2859K, committed 2944K, reserved 1048576K
}
Event: 5.730 GC heap before
{Heap before GC invocations=15 (full 0):
 garbage-first heap   total 46080K, used 34437K [0x00000000c8e00000, 0x0000000100000000)
  region size 1024K, 13 young (13312K), 2 survivors (2048K)
 Metaspace       used 22476K, capacity 22767K, committed 23088K, reserved 1069056K
  class space    used 2767K, capacity 2859K, committed 2944K, reserved 1048576K
}
Event: 5.738 GC heap after
{Heap after GC invocations=16 (full 0):
 garbage-first heap   total 46080K, used 25757K [0x00000000c8e00000, 0x0000000100000000)
  region size 1024K, 2 young (2048K), 2 survivors (2048K)
 Metaspace       used 22476K, capacity 22767K, committed 23088K, reserved 1069056K
  class space    used 2767K, capacity 2859K, committed 2944K, reserved 1048576K
}
Event: 5.785 GC heap before
{Heap before GC invocations=17 (full 0):
 garbage-first heap   total 56320K, used 34973K [0x00000000c8e00000, 0x0000000100000000)
  region size 1024K, 11 young (11264K), 2 survivors (2048K)
 Metaspace       used 22477K, capacity 22767K, committed 23088K, reserved 1069056K
  class space    used 2767K, capacity 2859K, committed 2944K, reserved 1048576K
}
Event: 5.794 GC heap after
{Heap after GC invocations=18 (full 0):
 garbage-first heap   total 56320K, used 27931K [0x00000000c8e00000, 0x0000000100000000)
  region size 1024K, 2 young (2048K), 2 survivors (2048K)
 Metaspace       used 22477K, capacity 22767K, committed 23088K, reserved 1069056K
  class space    used 2767K, capacity 2859K, committed 2944K, reserved 1048576K
}
Event: 5.836 GC heap before
{Heap before GC invocations=18 (full 0):
 garbage-first heap   total 56320K, used 41243K [0x00000000c8e00000, 0x0000000100000000)
  region size 1024K, 15 young (15360K), 2 survivors (2048K)
 Metaspace       used 22484K, capacity 22767K, committed 23088K, reserved 1069056K
  class space    used 2767K, capacity 2859K, committed 2944K, reserved 1048576K
}
Event: 5.846 GC heap after
{Heap after GC invocations=19 (full 0):
 garbage-first heap   total 73728K, used 30272K [0x00000000c8e00000, 0x0000000100000000)
  region size 1024K, 2 young (2048K), 2 survivors (2048K)
 Metaspace       used 22484K, capacity 22767K, committed 23088K, reserved 1069056K
  class space    used 2767K, capacity 2859K, committed 2944K, reserved 1048576K
}
Event: 5.932 GC heap before
{Heap before GC invocations=20 (full 0):
 garbage-first heap   total 73728K, used 53824K [0x00000000c8e00000, 0x0000000100000000)
  region size 1024K, 24 young (24576K), 2 survivors (2048K)
 Metaspace       used 22484K, capacity 22767K, committed 23088K, reserved 1069056K
  class space    used 2767K, capacity 2859K, committed 2944K, reserved 1048576K
}
Event: 5.945 GC heap after
{Heap after GC invocations=21 (full 0):
 garbage-first heap   total 73728K, used 35520K [0x00000000c8e00000, 0x0000000100000000)
  region size 1024K, 3 young (3072K), 3 survivors (3072K)
 Metaspace       used 22484K, capacity 22767K, committed 23088K, reserved 1069056K
  class space    used 2767K, capacity 2859K, committed 2944K, reserved 1048576K
}
Event: 5.995 GC heap before
{Heap before GC invocations=21 (full 0):
 garbage-first heap   total 73728K, used 54976K [0x00000000c8e00000, 0x0000000100000000)
  region size 1024K, 22 young (22528K), 3 survivors (3072K)
 Metaspace       used 22484K, capacity 22767K, committed 23088K, reserved 1069056K
  class space    used 2767K, capacity 2859K, committed 2944K, reserved 1048576K
}
Event: 6.008 GC heap after
{Heap after GC invocations=22 (full 0):
 garbage-first heap   total 73728K, used 39298K [0x00000000c8e00000, 0x0000000100000000)
  region size 1024K, 3 young (3072K), 3 survivors (3072K)
 Metaspace       used 22484K, capacity 22767K, committed 23088K, reserved 1069056K
  class space    used 2767K, capacity 2859K, committed 2944K, reserved 1048576K
}
Event: 6.033 GC heap before
{Heap before GC invocations=22 (full 0):
 garbage-first heap   total 73728K, used 48514K [0x00000000c8e00000, 0x0000000100000000)
  region size 1024K, 13 young (13312K), 3 survivors (3072K)
 Metaspace       used 22484K, capacity 22767K, committed 23088K, reserved 1069056K
  class space    used 2767K, capacity 2859K, committed 2944K, reserved 1048576K
}
Event: 6.042 GC heap after
{Heap after GC invocations=23 (full 0):
 garbage-first heap   total 73728K, used 41359K [0x00000000c8e00000, 0x0000000100000000)
  region size 1024K, 2 young (2048K), 2 survivors (2048K)
 Metaspace       used 22484K, capacity 22767K, committed 23088K, reserved 1069056K
  class space    used 2767K, capacity 2859K, committed 2944K, reserved 1048576K
}
Event: 6.097 GC heap before
{Heap before GC invocations=23 (full 0):
 garbage-first heap   total 92160K, used 57743K [0x00000000c8e00000, 0x0000000100000000)
  region size 1024K, 17 young (17408K), 2 survivors (2048K)
 Metaspace       used 22484K, capacity 22767K, committed 23088K, reserved 1069056K
  class space    used 2767K, capacity 2859K, committed 2944K, reserved 1048576K
}

